number,value,datetime_start,datetime_complete,duration,params_colsample_bytree,params_gamma,params_learning_rate,params_max_depth,params_min_child_weight,params_n_estimators,params_reg_lambda,params_subsample,state
0,0.22036011803512628,2025-07-03 16:24:22.853331,2025-07-03 16:24:24.077436,0 days 00:00:01.224105,0.7055406335982025,4.348618778776062,0.22307862619896845,9,0.8460129274968753,500,4.219578151762523,0.9739651975718386,COMPLETE
1,0.2113257296949998,2025-07-03 16:24:24.094435,2025-07-03 16:24:25.678670,0 days 00:00:01.584235,0.6318577001021974,1.0991520627065743,0.0947350984168068,5,2.723513552924536,300,2.0715650765659905,0.5869978295691637,COMPLETE
2,0.21252435271181713,2025-07-03 16:24:25.691559,2025-07-03 16:24:27.544032,0 days 00:00:01.852473,0.9901444622561693,2.8167510309484483,0.06913950128155155,6,5.512731845634397,500,3.903532957266874,0.9019837693664143,COMPLETE
3,0.21581087048619943,2025-07-03 16:24:27.557322,2025-07-03 16:24:29.096507,0 days 00:00:01.539185,0.9455072400423956,4.6433701028343854,0.12367716267499312,8,1.210596877311776,600,2.8364098588793163,0.7877817825809366,COMPLETE
4,0.2131546203524141,2025-07-03 16:24:29.109722,2025-07-03 16:24:43.616365,0 days 00:00:14.506643,0.9526002760968768,0.5064833706335237,0.003470071397931104,6,5.5304606118284045,700,4.1579475107157435,0.8099327405569775,COMPLETE
5,0.21207177758040152,2025-07-03 16:24:43.627105,2025-07-03 16:24:44.821676,0 days 00:00:01.194571,0.5423091408205192,0.980015530327395,0.1508768566916238,4,2.130980098057825,900,4.76135204336934,0.8449270150123422,COMPLETE
6,0.21444281534174317,2025-07-03 16:24:44.834587,2025-07-03 16:24:58.575490,0 days 00:00:13.740903,0.6467786359637162,3.481103849800623,0.003926305557779378,7,0.6989302943776277,600,1.4867018096480251,0.5295527609354713,COMPLETE
7,0.22612894438102243,2025-07-03 16:24:58.589220,2025-07-03 16:25:30.539348,0 days 00:00:31.950128,0.9720488404659766,1.4979145512803183,0.0016336161388100295,9,6.473427268471332,900,1.6129031071158029,0.8849120688438916,COMPLETE
8,0.22236053170241124,2025-07-03 16:25:30.551011,2025-07-03 16:25:54.091033,0 days 00:00:23.540022,0.5645066804266222,3.3540193903775832,0.0018394632601563682,8,8.876803746861116,900,0.8752586063221829,0.5839036557243198,COMPLETE
9,0.24260203202240604,2025-07-03 16:25:54.102691,2025-07-03 16:26:22.793939,0 days 00:00:28.691248,0.5200401406175112,3.4858863091261916,0.0013452644507956936,10,3.2601178103057604,800,3.1915561406696242,0.751239852345756,COMPLETE
10,0.2090897695435882,2025-07-03 16:26:22.807063,2025-07-03 16:26:26.282654,0 days 00:00:03.475591,0.8429033704211649,1.841683178667723,0.022663530052277104,4,3.746163629987423,300,0.2562435780459378,0.636084188096227,COMPLETE
11,0.2091926535070452,2025-07-03 16:26:26.295990,2025-07-03 16:26:29.485078,0 days 00:00:03.189088,0.8242145249376358,1.6242073225484335,0.026324871664784994,4,3.6953009625002315,300,0.03480887643125943,0.6445540844156434,COMPLETE
12,0.20908110153796883,2025-07-03 16:26:29.497098,2025-07-03 16:26:33.745113,0 days 00:00:04.248015,0.8496171077713075,2.092433875822892,0.018858981562472215,4,4.308082067248617,300,0.06867791794984984,0.6643226915701169,COMPLETE
13,0.21005025338995528,2025-07-03 16:26:33.756924,2025-07-03 16:26:39.410901,0 days 00:00:05.653977,0.834940810593354,1.9662059527930744,0.013798050050704072,5,7.707609236957924,400,0.07621592614355338,0.6906018555094375,COMPLETE
14,0.2092651192730125,2025-07-03 16:26:39.423724,2025-07-03 16:26:44.213284,0 days 00:00:04.789560,0.8311575231854944,2.382421640177723,0.015378523591410159,4,4.171748323203761,400,0.8721191564409259,0.6956937161925236,COMPLETE
15,0.2098052046106614,2025-07-03 16:26:44.227202,2025-07-03 16:26:46.817822,0 days 00:00:02.590620,0.896834315770179,2.513633763461437,0.03749635971931295,5,4.6865828635874065,300,0.7635037197844414,0.506031197971973,COMPLETE
16,0.2116351423542628,2025-07-03 16:26:46.829431,2025-07-03 16:26:55.806819,0 days 00:00:08.977388,0.7753536714408485,0.038752329489202264,0.007949680720771108,6,6.8003083652704355,400,0.467600304983639,0.6595652931287708,COMPLETE
17,0.20972679744941056,2025-07-03 16:26:55.818372,2025-07-03 16:26:58.252277,0 days 00:00:02.433905,0.8899274826018208,2.0903268686686656,0.044092484630271156,4,2.1692623718600554,400,1.3332974793394763,0.607470995879091,COMPLETE
18,0.21034124662558532,2025-07-03 16:26:58.266820,2025-07-03 16:27:07.131444,0 days 00:00:08.864624,0.7497317996720938,3.0654861982489567,0.008253528731411722,5,9.942125751445158,500,2.2198253649029454,0.7305879331491772,COMPLETE
19,0.21293603780203563,2025-07-03 16:27:07.143388,2025-07-03 16:27:11.584090,0 days 00:00:04.440702,0.8929335667531907,4.070449196374627,0.02369264100668408,7,4.763693232028958,1000,0.36336033861592965,0.5505600538546935,COMPLETE
20,0.21103061281015104,2025-07-03 16:27:11.597270,2025-07-03 16:27:19.644425,0 days 00:00:08.047155,0.7720263860808527,1.464653462696633,0.011148959731253913,6,6.400645185332886,700,1.1736070950104212,0.6381766432132426,COMPLETE
21,0.20958815016118704,2025-07-03 16:27:19.656207,2025-07-03 16:27:22.227049,0 days 00:00:02.570842,0.8244027911279186,1.740446812262365,0.03444281025157263,4,3.62602849230635,300,0.2362421523253435,0.6607458809678252,COMPLETE
22,0.20931049107555433,2025-07-03 16:27:22.240112,2025-07-03 16:27:25.296850,0 days 00:00:03.056738,0.8578076435704544,0.8966226404585909,0.02432917491804876,4,3.846504708990746,300,0.040649208731414095,0.7256863911335154,COMPLETE
23,0.21090005612940108,2025-07-03 16:27:25.308401,2025-07-03 16:27:27.561446,0 days 00:00:02.253045,0.7202021149050126,2.211731058741287,0.05099123033804112,5,2.7312789597626477,300,0.6564084888274019,0.6237884817525642,COMPLETE
24,0.20955514061893063,2025-07-03 16:27:27.573758,2025-07-03 16:27:30.973009,0 days 00:00:03.399251,0.8029522486315307,1.513190055111714,0.023916942712540582,4,5.412382075524027,400,0.017872164738572373,0.5655518972402487,COMPLETE
25,0.2111064446258393,2025-07-03 16:27:30.988721,2025-07-03 16:27:40.683060,0 days 00:00:09.694339,0.9193173212625383,2.7627182056010153,0.0053554516849384365,5,1.8736111579614692,500,1.927966967392701,0.6881292961873553,COMPLETE
26,0.20934130589683747,2025-07-03 16:27:40.696813,2025-07-03 16:27:44.887653,0 days 00:00:04.190840,0.869392354289468,0.4689623896892292,0.018678487871756,4,4.396120198072974,300,1.0655152860478565,0.7669727264257469,COMPLETE
27,0.2104280996678752,2025-07-03 16:27:44.898906,2025-07-03 16:27:46.729606,0 days 00:00:01.830700,0.7998038644137714,1.8206192600452318,0.06805931021214266,5,0.12299872988468286,400,0.4317591748054146,0.6450570756329859,COMPLETE
28,0.21068946949715256,2025-07-03 16:27:46.743498,2025-07-03 16:27:51.868809,0 days 00:00:05.125311,0.7126317624946136,1.157324758678104,0.009152643248177652,4,2.926559612246121,300,1.7333504729693296,0.6067613835350194,COMPLETE
29,0.2118009889654092,2025-07-03 16:27:51.879737,2025-07-03 16:27:55.333263,0 days 00:00:03.453526,0.665711346429275,2.4156518765531314,0.028881946367257032,6,3.6369692299594396,500,3.352061637959662,0.7110001374065658,COMPLETE
30,0.21416371834397874,2025-07-03 18:08:13.186990,2025-07-03 18:08:14.897892,0 days 00:00:01.710902,0.7524065421809563,3.812427650949937,0.18812898626756533,8,7.278870710639996,600,0.519058689362145,0.5413176309183124,COMPLETE
31,0.21030250090512367,2025-07-03 18:08:14.915419,2025-07-03 18:08:16.238819,0 days 00:00:01.323400,0.8319814120607898,2.424941157790886,0.29503135711496364,4,4.341755567272722,400,0.8798281064118257,0.6794907952620236,COMPLETE
32,0.20778525001724993,2025-07-03 18:08:16.252259,2025-07-03 18:08:22.089579,0 days 00:00:05.837320,0.8659690419027274,2.1888927171422337,0.015804704867439994,4,4.1935572069285945,300,0.6880408368756581,0.9885668717366809,COMPLETE
33,0.20876825155771914,2025-07-03 18:08:22.104700,2025-07-03 18:08:27.826726,0 days 00:00:05.722026,0.9277236729372531,2.7604831700886496,0.017839700456642887,5,5.087475892312771,300,0.31641296436750443,0.984917843556943,COMPLETE
34,0.20877908267086873,2025-07-03 18:08:27.839061,2025-07-03 18:08:33.863238,0 days 00:00:06.024177,0.9217897558222515,2.8941196948476273,0.016163848052210543,5,5.845006334736289,300,1.1910448103881455,0.9960727407824186,COMPLETE
35,0.2124395491362885,2025-07-03 18:08:33.880215,2025-07-03 18:08:43.264393,0 days 00:00:09.384178,0.9323384683465873,2.7901585533981255,0.005425964797760964,5,5.8228987962918115,400,2.38605057274159,0.9911794262899749,COMPLETE
36,0.21101847613151672,2025-07-03 18:08:43.276819,2025-07-03 18:08:51.057947,0 days 00:00:07.781128,0.9912657497880828,3.096454535354102,0.012377692977583264,6,5.311783836163086,500,1.3179686093436451,0.943912663818889,COMPLETE
37,0.20961443675637212,2025-07-03 18:08:51.072446,2025-07-03 18:08:52.841675,0 days 00:00:01.769229,0.95898302188268,3.0448836281579097,0.09041381972834364,5,5.891357254584336,300,2.7668586258854857,0.9607531836707288,COMPLETE
38,0.2113492532064656,2025-07-03 18:08:52.856327,2025-07-03 18:08:58.904827,0 days 00:00:06.048500,0.9176605213836024,4.315380953627924,0.018575621293007136,7,5.1327288816169485,400,1.1159411250868523,0.9282076517795437,COMPLETE
39,0.2087030656527039,2025-07-03 18:08:58.920590,2025-07-03 18:09:12.328747,0 days 00:00:13.408157,0.8751395555815544,2.6254661805923645,0.00631931058251252,5,8.145336529548867,700,0.5868441911402421,0.8556254582295763,COMPLETE
40,0.21070298651385538,2025-07-03 18:09:12.343320,2025-07-03 18:09:29.585774,0 days 00:00:17.242454,0.9682435848101814,3.726878606843777,0.005560093440072576,6,8.306603395432102,700,1.7441611719325856,0.8714377978835337,COMPLETE
41,0.2166601471577258,2025-07-03 18:09:29.597827,2025-07-03 18:09:42.894223,0 days 00:00:13.296396,0.8720210816185303,2.6619979587539246,0.0029104765031921077,5,9.255093944209278,600,0.6263489056094393,0.9931335795636711,COMPLETE
42,0.2086697286469029,2025-07-03 18:09:42.907494,2025-07-03 18:09:52.163257,0 days 00:00:09.255763,0.910906442406332,4.907864851547041,0.00988688896645918,5,6.1670013408436235,800,0.3159289265463429,0.918643740021651,COMPLETE
43,0.21095739376777586,2025-07-03 18:09:52.174246,2025-07-03 18:10:05.557301,0 days 00:00:13.383055,0.9304688156234824,4.419859884430227,0.0071678454271621225,6,7.4578990775924545,800,0.9906615068974547,0.9116487918609353,COMPLETE
44,0.2112809669775972,2025-07-03 18:10:05.573155,2025-07-03 18:10:22.496713,0 days 00:00:16.923558,0.9097251979226056,4.730072068612278,0.0029632468327537723,5,6.179052647594954,800,0.6776393996462926,0.8260177634103076,COMPLETE
45,0.21119392667984657,2025-07-03 18:10:22.509049,2025-07-03 18:10:39.178336,0 days 00:00:16.669287,0.9536132300314926,3.066484541712817,0.004324257142591411,6,6.790443253602259,700,1.3587009778771992,0.9712349304389818,COMPLETE
46,0.20891503939687825,2025-07-03 18:10:39.189534,2025-07-03 18:10:47.091955,0 days 00:00:07.902421,0.9879615080289313,4.863363697248997,0.011584305999387423,5,5.775728277007623,800,0.28094628580081216,0.8772494598760799,COMPLETE
47,0.21309616071336288,2025-07-03 18:10:47.103028,2025-07-03 18:11:00.316456,0 days 00:00:13.213428,0.8829357862572539,3.30471649697913,0.010671829717717459,10,7.978776950221852,900,1.5784224033660532,0.9462329827156496,COMPLETE
48,0.21133589210268625,2025-07-03 18:11:00.330515,2025-07-03 18:11:07.695174,0 days 00:00:07.364659,0.9338347301550197,3.6018644935041317,0.014695339490989603,7,4.937955741941435,600,0.8070454068860143,0.9045288678263138,COMPLETE
49,0.21253928669835476,2025-07-03 18:11:07.709474,2025-07-03 18:11:25.812607,0 days 00:00:18.103133,0.9063613530282852,3.2654603992890845,0.0069546845220776555,9,6.997473616242656,700,4.626122896471508,0.8536911710597033,COMPLETE
50,0.20890959177076296,2025-07-03 18:11:25.829333,2025-07-03 18:11:31.252337,0 days 00:00:05.423004,0.8578551913974083,3.981903807842897,0.016922936802714134,5,8.525801796810804,800,0.26174690884017326,0.9967970945169615,COMPLETE
51,0.2086093603858031,2025-07-03 18:11:31.266692,2025-07-03 18:11:37.132353,0 days 00:00:05.865661,0.8597881590294663,4.417477292673462,0.015362760354742383,5,8.330833400515672,800,0.29826253108799,0.997134892542437,COMPLETE
52,0.20861160151927985,2025-07-03 18:11:37.145994,2025-07-03 18:11:46.212228,0 days 00:00:09.066234,0.8768616174989782,4.389656753667096,0.009673774273608195,5,9.311443248531578,800,0.4890758132770614,0.9592160436137537,COMPLETE
53,0.21022796506263927,2025-07-03 18:11:46.224788,2025-07-03 18:11:55.631060,0 days 00:00:09.406272,0.7970637918974874,4.433645569083284,0.009023885939041439,6,9.775520791736565,800,0.5258899670765871,0.9296903098767951,COMPLETE
54,0.2135290756622913,2025-07-03 18:11:55.647723,2025-07-03 18:12:18.446622,0 days 00:00:22.798899,0.8848160643313184,4.134751621050263,0.002026738002964577,5,9.016932351145211,1000,0.24817639776619843,0.9631984470726996,COMPLETE
55,0.20789555309752186,2025-07-03 18:12:18.457464,2025-07-03 18:12:30.123596,0 days 00:00:11.666132,0.8520902636763151,4.677110562233395,0.006917918229851715,4,8.465597981162098,900,0.3882897057885011,0.919551547339065,COMPLETE
56,0.20786616378224132,2025-07-03 18:12:30.136341,2025-07-03 18:12:42.434694,0 days 00:00:12.298353,0.8488470340754153,4.947271876874993,0.006443302115644733,4,9.479398129058062,900,0.6905071979033393,0.8949140393039959,COMPLETE
57,0.20866636341089947,2025-07-03 18:12:42.449103,2025-07-03 18:12:59.708067,0 days 00:00:17.258964,0.577849231616592,4.97585576985999,0.003827114133529691,4,9.437435970866355,900,3.7868923943020545,0.9222416349326246,COMPLETE
58,0.2103491985786809,2025-07-03 18:12:59.719507,2025-07-03 18:13:16.553282,0 days 00:00:16.833775,0.5895518772970958,4.6382622053176625,0.0029807245061712192,4,9.49195350381777,900,4.08562314508262,0.952531109687933,COMPLETE
59,0.20850300833249336,2025-07-03 18:13:16.566147,2025-07-03 18:13:33.214947,0 days 00:00:16.648800,0.5971987488426049,4.975488687458502,0.003902968839042398,4,8.72578946391916,900,3.36407097315857,0.8941593926653754,COMPLETE
60,0.24906688385985837,2025-07-05 23:22:39.070524,2025-07-05 23:23:00.529479,0 days 00:00:21.458955,0.8111725736195748,4.580855853058917,0.0006713627251246818,4,8.584956916413436,1200,3.354063664843384,0.8919783067159471,COMPLETE
61,0.20720812601380442,2025-07-05 23:23:00.543090,2025-07-05 23:23:17.022613,0 days 00:00:16.479523,0.5835929372258964,4.987661470875062,0.004332265715425888,4,8.962868473174561,1100,3.784386206899206,0.9393424737746942,COMPLETE
62,0.2249272874722196,2025-07-05 23:23:17.035533,2025-07-05 23:23:38.649342,0 days 00:00:21.613809,0.622172432236318,4.777651505838697,0.001107529090761818,4,8.691998955674496,1200,3.8081893142667314,0.9774107966620758,COMPLETE
63,0.20695617502167563,2025-07-05 23:23:38.662355,2025-07-05 23:23:55.584638,0 days 00:00:16.922283,0.6078485732368522,4.246650402713124,0.004467492800087293,4,8.950660591653305,1100,4.466574254161898,0.9389878276373216,COMPLETE
64,0.20729271554601664,2025-07-05 23:23:55.597176,2025-07-05 23:24:14.335851,0 days 00:00:18.738675,0.52408323514441,4.216970036562297,0.004334831902570236,4,7.786869878064483,1100,4.434683092579088,0.894081274679503,COMPLETE
65,0.20794712667880932,2025-07-05 23:24:14.349826,2025-07-05 23:24:38.248303,0 days 00:00:23.898477,0.5108290269932428,4.22886655740889,0.0024128642425140664,4,9.01458763004842,1300,4.5606113448634344,0.8126385545427692,COMPLETE
66,0.2116489333996436,2025-07-05 23:24:38.261498,2025-07-05 23:25:01.744304,0 days 00:00:23.482806,0.5223879723512854,4.154166279839383,0.0016680513464064615,4,9.093193300130755,1300,4.98001922054141,0.7862477943161336,COMPLETE
67,0.20972820957025198,2025-07-05 23:25:01.758006,2025-07-05 23:25:22.685123,0 days 00:00:20.927117,0.5439340464537803,4.566948784073915,0.002208942661466911,4,7.850234367186524,1100,4.5121463066835314,0.869007757168899,COMPLETE
68,0.2189930519238546,2025-07-05 23:25:22.696667,2025-07-05 23:25:46.859906,0 days 00:00:24.163239,0.500436500758341,3.9208609010235684,0.001156045658225997,4,7.510437597387535,1400,4.367518749855336,0.8396304151743741,COMPLETE
69,0.20720474602914005,2025-07-05 23:25:46.872925,2025-07-05 23:26:01.775305,0 days 00:00:14.902380,0.6820335003373803,4.746539083269342,0.004670124094346598,4,9.754832338188306,1500,4.898060350976179,0.9314454292851561,COMPLETE
70,0.20717421579710843,2025-07-05 23:26:01.786910,2025-07-05 23:26:15.452102,0 days 00:00:13.665192,0.6709458995288289,4.828003648779578,0.0052790814672663685,4,9.605101218795232,1500,4.794984015294655,0.9456790864985508,COMPLETE
71,0.20704793862790846,2025-07-05 23:26:15.463809,2025-07-05 23:26:28.739042,0 days 00:00:13.275233,0.6707479582858005,4.728611681063405,0.005368517979288854,4,9.67121648490027,1500,4.86311872014847,0.9373580194250376,COMPLETE
72,0.20713113678374606,2025-07-05 23:26:28.750221,2025-07-05 23:26:44.564141,0 days 00:00:15.813920,0.6851052584604888,4.800347642069515,0.004536429636989066,4,9.959979142321465,1500,4.982863227235615,0.943725349627038,COMPLETE
73,0.20708156370184622,2025-07-05 23:26:44.575268,2025-07-05 23:27:00.258610,0 days 00:00:15.683342,0.6704831819522867,4.775036456339642,0.004568554346905849,4,9.907609191241233,1500,4.93319652022335,0.942047119920865,COMPLETE
74,0.20709976825860016,2025-07-05 23:27:00.272196,2025-07-05 23:27:14.855804,0 days 00:00:14.583608,0.6699870190282488,4.797922289353947,0.005099112420873947,4,9.966952631746473,1500,4.985353263525441,0.9366130646778155,COMPLETE
75,0.2072044224106949,2025-07-05 23:27:14.867923,2025-07-05 23:27:30.077766,0 days 00:00:15.209843,0.6758817017064617,4.797344597102565,0.004690512757259721,4,9.841242116588555,1500,4.927094396246126,0.936706552766426,COMPLETE
76,0.20712531849704857,2025-07-05 23:27:30.091174,2025-07-05 23:27:44.122388,0 days 00:00:14.031214,0.6793876494509227,4.78929761619449,0.004921303194990069,4,9.8271819685079,1500,4.9769974244356225,0.9377538608457561,COMPLETE
77,0.2099351822781081,2025-07-05 23:27:44.133942,2025-07-05 23:28:16.247719,0 days 00:00:32.113777,0.6934918647225377,4.565054979959034,0.0030192465329768768,8,9.992453348475905,1500,4.74511710272306,0.9710913682780555,COMPLETE
78,0.20714744869760846,2025-07-05 23:28:16.261855,2025-07-05 23:28:30.959436,0 days 00:00:14.697581,0.6480956911580746,4.821898645260447,0.005343124145715033,4,9.728552496712892,1400,4.799912175659514,0.943704775995569,COMPLETE
79,0.2072943688860281,2025-07-05 23:28:30.972507,2025-07-05 23:28:54.445766,0 days 00:00:23.473259,0.6483636123453321,4.549046973963909,0.0025132618976952607,4,9.63898681542463,1400,4.779116266334905,0.9077322326809167,COMPLETE
80,0.20733044256067418,2025-07-05 23:28:54.457368,2025-07-05 23:29:08.049102,0 days 00:00:13.591734,0.7273199750579095,4.8068710791937574,0.005505197620026898,4,9.982356327093266,1400,4.2620077997193215,0.9476444542880557,COMPLETE
81,0.20719904667481268,2025-07-05 23:29:08.060631,2025-07-05 23:29:27.852814,0 days 00:00:19.792183,0.6598936292947526,4.827877812230142,0.003391572626834138,4,9.730543824631019,1500,4.8461854033007965,0.9317636107364456,COMPLETE
82,0.2072019323296407,2025-07-05 23:29:27.863709,2025-07-05 23:29:47.927735,0 days 00:00:20.064026,0.6272157829014819,4.496485198919276,0.003389078055436101,4,9.626459190138029,1500,4.716553221471731,0.9730256471060463,COMPLETE
83,0.20729209554011263,2025-07-05 23:29:47.939319,2025-07-05 23:29:57.989316,0 days 00:00:10.049997,0.6509760160375301,4.27886024370013,0.008000201727481627,4,9.39251940910617,1400,4.844563532911053,0.9564215961314851,COMPLETE
84,0.20710922068529342,2025-07-05 23:29:58.000760,2025-07-05 23:30:18.337750,0 days 00:00:20.336990,0.6143925458815619,4.687532657813272,0.003317470117742914,4,9.129903288557777,1500,4.631336706534832,0.9406584049476655,COMPLETE
85,0.20727450097637865,2025-07-05 23:30:18.350281,2025-07-05 23:30:31.633553,0 days 00:00:13.283272,0.6132476530356625,4.667007249926239,0.005536671579865221,4,9.209249156480434,1400,4.665057580389669,0.9104071271914964,COMPLETE
86,0.20715109037728768,2025-07-05 23:30:31.644397,2025-07-05 23:30:56.136697,0 days 00:00:24.492300,0.6389715750489846,4.717196218968778,0.0026141410849716456,4,9.201895755585369,1500,4.0805087716753565,0.9795844027879294,COMPLETE
87,0.21148016672840872,2025-07-05 23:30:56.147762,2025-07-05 23:31:21.321891,0 days 00:00:25.174129,0.6961274322834136,4.358098851492187,0.0015857500449709583,4,8.881679410825232,1300,4.096499148995315,0.9774932078124297,COMPLETE
88,0.20717722766606575,2025-07-05 23:31:21.333788,2025-07-05 23:31:44.433481,0 days 00:00:23.099693,0.637239879890995,4.659772692879928,0.0036855221922761105,4,9.255350576721762,1500,4.9917933987774665,0.9602973028199027,COMPLETE
89,0.20841242163233456,2025-07-05 23:31:44.444667,2025-07-05 23:32:12.147154,0 days 00:00:27.702487,0.6066212210864497,4.0724962377566385,0.0019359223388877487,4,8.838032489581488,1400,4.320683407357002,0.8810093245361563,COMPLETE
90,0.20726289026244224,2025-07-05 23:32:12.159681,2025-07-05 23:32:37.915992,0 days 00:00:25.756311,0.7279029199736841,4.544131698087927,0.002644525947845773,4,9.954626854215038,1500,4.47779212991008,0.9181679125872197,COMPLETE
91,0.20729087349406047,2025-07-05 23:32:37.928039,2025-07-05 23:32:49.953150,0 days 00:00:12.025111,0.6720288268372916,4.882158497684192,0.00590315601760102,4,9.598842448692144,1500,4.630044821469819,0.9436542189247729,COMPLETE
92,0.20734080977320754,2025-07-05 23:32:49.966096,2025-07-05 23:33:00.962766,0 days 00:00:10.996670,0.6411254604787352,4.741855106399041,0.007527463865930626,4,9.188568185322485,1500,4.799580282169571,0.9795984082118646,COMPLETE
93,0.20720675964366433,2025-07-05 23:33:00.973981,2025-07-05 23:33:16.413032,0 days 00:00:15.439051,0.6871046671913498,4.882477024585195,0.004842367815065245,4,9.485712900318715,1400,4.193828664375717,0.9655547324468963,COMPLETE
