number,value,datetime_start,datetime_complete,duration,params_colsample_bytree,params_gamma,params_learning_rate,params_max_depth,params_min_child_weight,params_n_estimators,params_reg_lambda,params_subsample,state
94,0.20725530520333918,2025-07-05 23:33:16.425594,2025-07-05 23:33:37.810440,0 days 00:00:21.384846,0.7062807531883272,4.678777195682902,0.003315938057631758,4,9.785006572979956,1500,4.580429236636489,0.9497423110362168,COMPLETE
95,0.2076601606593511,2025-07-05 23:33:37.824745,2025-07-05 23:33:52.749991,0 days 00:00:14.925246,0.6585750079558714,4.510570499191072,0.005020449852031157,5,9.991134783258795,1400,3.9772517790444146,0.9370057613392792,COMPLETE
96,0.20706239502037974,2025-07-05 23:33:52.764640,2025-07-05 23:34:05.311734,0 days 00:00:12.547094,0.6168411987215272,4.999960540195228,0.0061565928301003355,4,8.255876816029867,1500,4.408065509070877,0.9264380333610982,COMPLETE
97,0.20707193910470448,2025-07-05 23:34:05.323169,2025-07-05 23:34:26.857239,0 days 00:00:21.534070,0.6116321946773114,4.989724666001763,0.003991406110413966,4,8.159731597201462,1400,4.362129889733074,0.9074986376577766,COMPLETE
98,0.2078624181380579,2025-07-05 23:34:26.870234,2025-07-05 23:34:37.808084,0 days 00:00:10.937850,0.5665370249921,4.980088061581152,0.008163121553860345,5,8.07390780669121,1300,4.40824077795603,0.9222982515810131,COMPLETE
99,0.20723564027395538,2025-07-05 23:34:37.821631,2025-07-05 23:34:50.779025,0 days 00:00:12.957394,0.6138810725903903,4.463712217934637,0.006375932603003322,4,8.30544332141791,1400,4.698371136439459,0.9003663259217101,COMPLETE
